{"/Users/thia/Desktop/Facu/3er año/Desarrollo de Software/Desarrollo 2025/UTN-DS25-practicas/UTN-DS25-practicas/libreria/backend/src/prisma.config.ts": {"path":"/Users/thia/Desktop/Facu/3er año/Desarrollo de Software/Desarrollo 2025/UTN-DS25-practicas/UTN-DS25-practicas/libreria/backend/src/prisma.config.ts","statementMap":{"0":{"start":{"line":1,"column":30},"end":{"line":1,"column":54}},"1":{"start":{"line":3,"column":0},"end":{"line":12,"column":3}}},"fnMap":{},"branchMap":{},"s":{"0":0,"1":0},"f":{},"b":{}}
,"/Users/thia/Desktop/Facu/3er año/Desarrollo de Software/Desarrollo 2025/UTN-DS25-practicas/UTN-DS25-practicas/libreria/backend/src/prisma.ts": {"path":"/Users/thia/Desktop/Facu/3er año/Desarrollo de Software/Desarrollo 2025/UTN-DS25-practicas/UTN-DS25-practicas/libreria/backend/src/prisma.ts","statementMap":{"0":{"start":{"line":2,"column":25},"end":{"line":2,"column":50}},"1":{"start":{"line":4,"column":15},"end":{"line":4,"column":50}},"2":{"start":{"line":6,"column":0},"end":{"line":8,"column":1}},"3":{"start":{"line":7,"column":2},"end":{"line":7,"column":25}},"4":{"start":{"line":10,"column":0},"end":{"line":10,"column":24}}},"fnMap":{},"branchMap":{"0":{"loc":{"start":{"line":4,"column":15},"end":{"line":4,"column":50}},"type":"binary-expr","locations":[{"start":{"line":4,"column":15},"end":{"line":4,"column":28}},{"start":{"line":4,"column":32},"end":{"line":4,"column":50}}]},"1":{"loc":{"start":{"line":6,"column":0},"end":{"line":8,"column":1}},"type":"if","locations":[{"start":{"line":6,"column":0},"end":{"line":8,"column":1}}]}},"s":{"0":0,"1":0,"2":0,"3":0,"4":0},"f":{},"b":{"0":[0,0],"1":[0]}}
,"/Users/thia/Desktop/Facu/3er año/Desarrollo de Software/Desarrollo 2025/UTN-DS25-practicas/UTN-DS25-practicas/libreria/backend/src/controllers/authController.ts": {"path":"/Users/thia/Desktop/Facu/3er año/Desarrollo de Software/Desarrollo 2025/UTN-DS25-practicas/UTN-DS25-practicas/libreria/backend/src/controllers/authController.ts","statementMap":{"0":{"start":{"line":2,"column":20},"end":{"line":2,"column":54}},"1":{"start":{"line":3,"column":12},"end":{"line":3,"column":35}},"2":{"start":{"line":5,"column":19},"end":{"line":5,"column":56}},"3":{"start":{"line":8,"column":2},"end":{"line":19,"column":3}},"4":{"start":{"line":9,"column":50},"end":{"line":9,"column":58}},"5":{"start":{"line":10,"column":4},"end":{"line":10,"column":101}},"6":{"start":{"line":10,"column":29},"end":{"line":10,"column":101}},"7":{"start":{"line":11,"column":21},"end":{"line":11,"column":61}},"8":{"start":{"line":12,"column":4},"end":{"line":12,"column":81}},"9":{"start":{"line":12,"column":18},"end":{"line":12,"column":81}},"10":{"start":{"line":13,"column":14},"end":{"line":13,"column":81}},"11":{"start":{"line":14,"column":18},"end":{"line":14,"column":107}},"12":{"start":{"line":15,"column":4},"end":{"line":15,"column":150}},"13":{"start":{"line":17,"column":4},"end":{"line":17,"column":44}},"14":{"start":{"line":18,"column":4},"end":{"line":18,"column":126}},"15":{"start":{"line":23,"column":2},"end":{"line":35,"column":3}},"16":{"start":{"line":24,"column":32},"end":{"line":24,"column":40}},"17":{"start":{"line":25,"column":4},"end":{"line":25,"column":101}},"18":{"start":{"line":25,"column":29},"end":{"line":25,"column":101}},"19":{"start":{"line":26,"column":17},"end":{"line":26,"column":57}},"20":{"start":{"line":27,"column":4},"end":{"line":27,"column":79}},"21":{"start":{"line":27,"column":15},"end":{"line":27,"column":79}},"22":{"start":{"line":28,"column":15},"end":{"line":28,"column":63}},"23":{"start":{"line":29,"column":4},"end":{"line":29,"column":77}},"24":{"start":{"line":29,"column":13},"end":{"line":29,"column":77}},"25":{"start":{"line":30,"column":18},"end":{"line":30,"column":116}},"26":{"start":{"line":31,"column":4},"end":{"line":31,"column":156}},"27":{"start":{"line":33,"column":4},"end":{"line":33,"column":41}},"28":{"start":{"line":34,"column":4},"end":{"line":34,"column":119}},"29":{"start":{"line":39,"column":2},"end":{"line":65,"column":3}},"30":{"start":{"line":40,"column":19},"end":{"line":40,"column":31}},"31":{"start":{"line":41,"column":4},"end":{"line":41,"column":74}},"32":{"start":{"line":41,"column":17},"end":{"line":41,"column":74}},"33":{"start":{"line":43,"column":40},"end":{"line":43,"column":48}},"34":{"start":{"line":46,"column":24},"end":{"line":50,"column":6}},"35":{"start":{"line":52,"column":4},"end":{"line":61,"column":7}},"36":{"start":{"line":63,"column":4},"end":{"line":63,"column":50}},"37":{"start":{"line":64,"column":4},"end":{"line":64,"column":120}},"38":{"start":{"line":68,"column":0},"end":{"line":68,"column":52}}},"fnMap":{"0":{"name":"register","decl":{"start":{"line":7,"column":15},"end":{"line":7,"column":23}},"loc":{"start":{"line":7,"column":51},"end":{"line":20,"column":1}}},"1":{"name":"login","decl":{"start":{"line":22,"column":15},"end":{"line":22,"column":20}},"loc":{"start":{"line":22,"column":48},"end":{"line":36,"column":1}}},"2":{"name":"updateProfile","decl":{"start":{"line":38,"column":15},"end":{"line":38,"column":28}},"loc":{"start":{"line":38,"column":73},"end":{"line":66,"column":1}}}},"branchMap":{"0":{"loc":{"start":{"line":5,"column":19},"end":{"line":5,"column":56}},"type":"binary-expr","locations":[{"start":{"line":5,"column":19},"end":{"line":5,"column":41}},{"start":{"line":5,"column":45},"end":{"line":5,"column":56}}]},"1":{"loc":{"start":{"line":10,"column":4},"end":{"line":10,"column":101}},"type":"if","locations":[{"start":{"line":10,"column":4},"end":{"line":10,"column":101}}]},"2":{"loc":{"start":{"line":10,"column":8},"end":{"line":10,"column":27}},"type":"binary-expr","locations":[{"start":{"line":10,"column":8},"end":{"line":10,"column":14}},{"start":{"line":10,"column":18},"end":{"line":10,"column":27}}]},"3":{"loc":{"start":{"line":12,"column":4},"end":{"line":12,"column":81}},"type":"if","locations":[{"start":{"line":12,"column":4},"end":{"line":12,"column":81}}]},"4":{"loc":{"start":{"line":18,"column":66},"end":{"line":18,"column":122}},"type":"cond-expr","locations":[{"start":{"line":18,"column":91},"end":{"line":18,"column":104}},{"start":{"line":18,"column":107},"end":{"line":18,"column":122}}]},"5":{"loc":{"start":{"line":25,"column":4},"end":{"line":25,"column":101}},"type":"if","locations":[{"start":{"line":25,"column":4},"end":{"line":25,"column":101}}]},"6":{"loc":{"start":{"line":25,"column":8},"end":{"line":25,"column":27}},"type":"binary-expr","locations":[{"start":{"line":25,"column":8},"end":{"line":25,"column":14}},{"start":{"line":25,"column":18},"end":{"line":25,"column":27}}]},"7":{"loc":{"start":{"line":27,"column":4},"end":{"line":27,"column":79}},"type":"if","locations":[{"start":{"line":27,"column":4},"end":{"line":27,"column":79}}]},"8":{"loc":{"start":{"line":29,"column":4},"end":{"line":29,"column":77}},"type":"if","locations":[{"start":{"line":29,"column":4},"end":{"line":29,"column":77}}]},"9":{"loc":{"start":{"line":34,"column":59},"end":{"line":34,"column":115}},"type":"cond-expr","locations":[{"start":{"line":34,"column":84},"end":{"line":34,"column":97}},{"start":{"line":34,"column":100},"end":{"line":34,"column":115}}]},"10":{"loc":{"start":{"line":41,"column":4},"end":{"line":41,"column":74}},"type":"if","locations":[{"start":{"line":41,"column":4},"end":{"line":41,"column":74}}]},"11":{"loc":{"start":{"line":64,"column":60},"end":{"line":64,"column":116}},"type":"cond-expr","locations":[{"start":{"line":64,"column":85},"end":{"line":64,"column":98}},{"start":{"line":64,"column":101},"end":{"line":64,"column":116}}]}},"s":{"0":0,"1":0,"2":0,"3":0,"4":0,"5":0,"6":0,"7":0,"8":0,"9":0,"10":0,"11":0,"12":0,"13":0,"14":0,"15":0,"16":0,"17":0,"18":0,"19":0,"20":0,"21":0,"22":0,"23":0,"24":0,"25":0,"26":0,"27":0,"28":0,"29":0,"30":0,"31":0,"32":0,"33":0,"34":0,"35":0,"36":0,"37":0,"38":0},"f":{"0":0,"1":0,"2":0},"b":{"0":[0,0],"1":[0],"2":[0,0],"3":[0],"4":[0,0],"5":[0],"6":[0,0],"7":[0],"8":[0],"9":[0,0],"10":[0],"11":[0,0]}}
,"/Users/thia/Desktop/Facu/3er año/Desarrollo de Software/Desarrollo 2025/UTN-DS25-practicas/UTN-DS25-practicas/libreria/backend/src/controllers/booksController.ts": {"path":"/Users/thia/Desktop/Facu/3er año/Desarrollo de Software/Desarrollo 2025/UTN-DS25-practicas/UTN-DS25-practicas/libreria/backend/src/controllers/booksController.ts","statementMap":{"0":{"start":{"line":2,"column":15},"end":{"line":2,"column":67}},"1":{"start":{"line":4,"column":18},"end":{"line":7,"column":1}},"2":{"start":{"line":5,"column":16},"end":{"line":5,"column":119}},"3":{"start":{"line":6,"column":2},"end":{"line":6,"column":18}},"4":{"start":{"line":9,"column":16},"end":{"line":15,"column":1}},"5":{"start":{"line":10,"column":17},"end":{"line":10,"column":46}},"6":{"start":{"line":11,"column":2},"end":{"line":11,"column":66}},"7":{"start":{"line":11,"column":11},"end":{"line":11,"column":66}},"8":{"start":{"line":12,"column":15},"end":{"line":12,"column":62}},"9":{"start":{"line":13,"column":2},"end":{"line":13,"column":67}},"10":{"start":{"line":13,"column":13},"end":{"line":13,"column":67}},"11":{"start":{"line":14,"column":2},"end":{"line":14,"column":17}},"12":{"start":{"line":17,"column":19},"end":{"line":49,"column":1}},"13":{"start":{"line":18,"column":18},"end":{"line":18,"column":26}},"14":{"start":{"line":19,"column":2},"end":{"line":19,"column":94}},"15":{"start":{"line":19,"column":34},"end":{"line":19,"column":94}},"16":{"start":{"line":21,"column":18},"end":{"line":21,"column":30}},"17":{"start":{"line":22,"column":18},"end":{"line":22,"column":44}},"18":{"start":{"line":25,"column":2},"end":{"line":27,"column":3}},"19":{"start":{"line":26,"column":4},"end":{"line":26,"column":92}},"20":{"start":{"line":30,"column":2},"end":{"line":45,"column":3}},"21":{"start":{"line":31,"column":29},"end":{"line":33,"column":6}},"22":{"start":{"line":34,"column":4},"end":{"line":44,"column":5}},"23":{"start":{"line":36,"column":6},"end":{"line":43,"column":9}},"24":{"start":{"line":47,"column":18},"end":{"line":47,"column":114}},"25":{"start":{"line":48,"column":2},"end":{"line":48,"column":32}},"26":{"start":{"line":50,"column":19},"end":{"line":98,"column":1}},"27":{"start":{"line":51,"column":17},"end":{"line":51,"column":46}},"28":{"start":{"line":52,"column":2},"end":{"line":52,"column":66}},"29":{"start":{"line":52,"column":11},"end":{"line":52,"column":66}},"30":{"start":{"line":54,"column":15},"end":{"line":54,"column":62}},"31":{"start":{"line":55,"column":2},"end":{"line":55,"column":67}},"32":{"start":{"line":55,"column":13},"end":{"line":55,"column":67}},"33":{"start":{"line":57,"column":18},"end":{"line":57,"column":44}},"34":{"start":{"line":58,"column":18},"end":{"line":58,"column":47}},"35":{"start":{"line":61,"column":2},"end":{"line":63,"column":3}},"36":{"start":{"line":62,"column":4},"end":{"line":62,"column":90}},"37":{"start":{"line":67,"column":2},"end":{"line":72,"column":3}},"38":{"start":{"line":69,"column":4},"end":{"line":71,"column":5}},"39":{"start":{"line":70,"column":6},"end":{"line":70,"column":108}},"40":{"start":{"line":75,"column":2},"end":{"line":94,"column":3}},"41":{"start":{"line":76,"column":29},"end":{"line":82,"column":6}},"42":{"start":{"line":83,"column":4},"end":{"line":93,"column":5}},"43":{"start":{"line":85,"column":6},"end":{"line":92,"column":9}},"44":{"start":{"line":96,"column":18},"end":{"line":96,"column":77}},"45":{"start":{"line":97,"column":2},"end":{"line":97,"column":20}},"46":{"start":{"line":99,"column":19},"end":{"line":116,"column":1}},"47":{"start":{"line":100,"column":17},"end":{"line":100,"column":46}},"48":{"start":{"line":101,"column":2},"end":{"line":101,"column":66}},"49":{"start":{"line":101,"column":11},"end":{"line":101,"column":66}},"50":{"start":{"line":103,"column":15},"end":{"line":103,"column":62}},"51":{"start":{"line":104,"column":2},"end":{"line":104,"column":67}},"52":{"start":{"line":104,"column":13},"end":{"line":104,"column":67}},"53":{"start":{"line":106,"column":18},"end":{"line":106,"column":44}},"54":{"start":{"line":107,"column":18},"end":{"line":107,"column":47}},"55":{"start":{"line":110,"column":2},"end":{"line":112,"column":3}},"56":{"start":{"line":111,"column":4},"end":{"line":111,"column":92}},"57":{"start":{"line":114,"column":2},"end":{"line":114,"column":46}},"58":{"start":{"line":115,"column":2},"end":{"line":115,"column":25}},"59":{"start":{"line":118,"column":28},"end":{"line":155,"column":1}},"60":{"start":{"line":119,"column":35},"end":{"line":119,"column":43}},"61":{"start":{"line":121,"column":2},"end":{"line":121,"column":55}},"62":{"start":{"line":122,"column":2},"end":{"line":122,"column":55}},"63":{"start":{"line":124,"column":2},"end":{"line":126,"column":3}},"64":{"start":{"line":125,"column":4},"end":{"line":125,"column":63}},"65":{"start":{"line":128,"column":18},"end":{"line":128,"column":44}},"66":{"start":{"line":129,"column":2},"end":{"line":131,"column":3}},"67":{"start":{"line":130,"column":4},"end":{"line":130,"column":92}},"68":{"start":{"line":133,"column":2},"end":{"line":135,"column":3}},"69":{"start":{"line":134,"column":4},"end":{"line":134,"column":83}},"70":{"start":{"line":137,"column":2},"end":{"line":154,"column":3}},"71":{"start":{"line":139,"column":4},"end":{"line":142,"column":7}},"72":{"start":{"line":145,"column":20},"end":{"line":148,"column":6}},"73":{"start":{"line":150,"column":4},"end":{"line":150,"column":22}},"74":{"start":{"line":152,"column":4},"end":{"line":152,"column":58}},"75":{"start":{"line":153,"column":4},"end":{"line":153,"column":141}},"76":{"start":{"line":157,"column":0},"end":{"line":164,"column":2}}},"fnMap":{"0":{"name":"(anonymous_0)","decl":{"start":{"line":4,"column":18},"end":{"line":4,"column":23}},"loc":{"start":{"line":4,"column":56},"end":{"line":7,"column":1}}},"1":{"name":"(anonymous_1)","decl":{"start":{"line":9,"column":16},"end":{"line":9,"column":21}},"loc":{"start":{"line":9,"column":54},"end":{"line":15,"column":1}}},"2":{"name":"(anonymous_2)","decl":{"start":{"line":17,"column":19},"end":{"line":17,"column":24}},"loc":{"start":{"line":17,"column":74},"end":{"line":49,"column":1}}},"3":{"name":"(anonymous_3)","decl":{"start":{"line":50,"column":19},"end":{"line":50,"column":24}},"loc":{"start":{"line":50,"column":74},"end":{"line":98,"column":1}}},"4":{"name":"(anonymous_4)","decl":{"start":{"line":99,"column":19},"end":{"line":99,"column":24}},"loc":{"start":{"line":99,"column":74},"end":{"line":116,"column":1}}},"5":{"name":"(anonymous_5)","decl":{"start":{"line":118,"column":28},"end":{"line":118,"column":33}},"loc":{"start":{"line":118,"column":83},"end":{"line":155,"column":1}}}},"branchMap":{"0":{"loc":{"start":{"line":2,"column":15},"end":{"line":2,"column":67}},"type":"binary-expr","locations":[{"start":{"line":2,"column":15},"end":{"line":2,"column":43}},{"start":{"line":2,"column":47},"end":{"line":2,"column":67}}]},"1":{"loc":{"start":{"line":11,"column":2},"end":{"line":11,"column":66}},"type":"if","locations":[{"start":{"line":11,"column":2},"end":{"line":11,"column":66}}]},"2":{"loc":{"start":{"line":13,"column":2},"end":{"line":13,"column":67}},"type":"if","locations":[{"start":{"line":13,"column":2},"end":{"line":13,"column":67}}]},"3":{"loc":{"start":{"line":19,"column":2},"end":{"line":19,"column":94}},"type":"if","locations":[{"start":{"line":19,"column":2},"end":{"line":19,"column":94}}]},"4":{"loc":{"start":{"line":19,"column":6},"end":{"line":19,"column":32}},"type":"binary-expr","locations":[{"start":{"line":19,"column":6},"end":{"line":19,"column":14}},{"start":{"line":19,"column":18},"end":{"line":19,"column":32}}]},"5":{"loc":{"start":{"line":25,"column":2},"end":{"line":27,"column":3}},"type":"if","locations":[{"start":{"line":25,"column":2},"end":{"line":27,"column":3}}]},"6":{"loc":{"start":{"line":25,"column":6},"end":{"line":25,"column":34}},"type":"binary-expr","locations":[{"start":{"line":25,"column":6},"end":{"line":25,"column":22}},{"start":{"line":25,"column":26},"end":{"line":25,"column":34}}]},"7":{"loc":{"start":{"line":30,"column":2},"end":{"line":45,"column":3}},"type":"if","locations":[{"start":{"line":30,"column":2},"end":{"line":45,"column":3}}]},"8":{"loc":{"start":{"line":30,"column":6},"end":{"line":30,"column":41}},"type":"binary-expr","locations":[{"start":{"line":30,"column":6},"end":{"line":30,"column":22}},{"start":{"line":30,"column":26},"end":{"line":30,"column":41}}]},"9":{"loc":{"start":{"line":34,"column":4},"end":{"line":44,"column":5}},"type":"if","locations":[{"start":{"line":34,"column":4},"end":{"line":44,"column":5}}]},"10":{"loc":{"start":{"line":47,"column":84},"end":{"line":47,"column":109}},"type":"binary-expr","locations":[{"start":{"line":47,"column":84},"end":{"line":47,"column":100}},{"start":{"line":47,"column":104},"end":{"line":47,"column":109}}]},"11":{"loc":{"start":{"line":52,"column":2},"end":{"line":52,"column":66}},"type":"if","locations":[{"start":{"line":52,"column":2},"end":{"line":52,"column":66}}]},"12":{"loc":{"start":{"line":55,"column":2},"end":{"line":55,"column":67}},"type":"if","locations":[{"start":{"line":55,"column":2},"end":{"line":55,"column":67}}]},"13":{"loc":{"start":{"line":61,"column":2},"end":{"line":63,"column":3}},"type":"if","locations":[{"start":{"line":61,"column":2},"end":{"line":63,"column":3}}]},"14":{"loc":{"start":{"line":61,"column":6},"end":{"line":61,"column":26}},"type":"binary-expr","locations":[{"start":{"line":61,"column":6},"end":{"line":61,"column":14}},{"start":{"line":61,"column":18},"end":{"line":61,"column":26}}]},"15":{"loc":{"start":{"line":67,"column":2},"end":{"line":72,"column":3}},"type":"if","locations":[{"start":{"line":67,"column":2},"end":{"line":72,"column":3}}]},"16":{"loc":{"start":{"line":67,"column":6},"end":{"line":67,"column":53}},"type":"binary-expr","locations":[{"start":{"line":67,"column":6},"end":{"line":67,"column":41}},{"start":{"line":67,"column":45},"end":{"line":67,"column":53}}]},"17":{"loc":{"start":{"line":69,"column":4},"end":{"line":71,"column":5}},"type":"if","locations":[{"start":{"line":69,"column":4},"end":{"line":71,"column":5}}]},"18":{"loc":{"start":{"line":75,"column":2},"end":{"line":94,"column":3}},"type":"if","locations":[{"start":{"line":75,"column":2},"end":{"line":94,"column":3}}]},"19":{"loc":{"start":{"line":75,"column":6},"end":{"line":75,"column":43}},"type":"binary-expr","locations":[{"start":{"line":75,"column":6},"end":{"line":75,"column":23}},{"start":{"line":75,"column":27},"end":{"line":75,"column":43}}]},"20":{"loc":{"start":{"line":83,"column":4},"end":{"line":93,"column":5}},"type":"if","locations":[{"start":{"line":83,"column":4},"end":{"line":93,"column":5}}]},"21":{"loc":{"start":{"line":101,"column":2},"end":{"line":101,"column":66}},"type":"if","locations":[{"start":{"line":101,"column":2},"end":{"line":101,"column":66}}]},"22":{"loc":{"start":{"line":104,"column":2},"end":{"line":104,"column":67}},"type":"if","locations":[{"start":{"line":104,"column":2},"end":{"line":104,"column":67}}]},"23":{"loc":{"start":{"line":110,"column":2},"end":{"line":112,"column":3}},"type":"if","locations":[{"start":{"line":110,"column":2},"end":{"line":112,"column":3}}]},"24":{"loc":{"start":{"line":110,"column":6},"end":{"line":110,"column":26}},"type":"binary-expr","locations":[{"start":{"line":110,"column":6},"end":{"line":110,"column":14}},{"start":{"line":110,"column":18},"end":{"line":110,"column":26}}]},"25":{"loc":{"start":{"line":124,"column":2},"end":{"line":126,"column":3}},"type":"if","locations":[{"start":{"line":124,"column":2},"end":{"line":126,"column":3}}]},"26":{"loc":{"start":{"line":129,"column":2},"end":{"line":131,"column":3}},"type":"if","locations":[{"start":{"line":129,"column":2},"end":{"line":131,"column":3}}]},"27":{"loc":{"start":{"line":133,"column":2},"end":{"line":135,"column":3}},"type":"if","locations":[{"start":{"line":133,"column":2},"end":{"line":135,"column":3}}]},"28":{"loc":{"start":{"line":133,"column":6},"end":{"line":133,"column":30}},"type":"binary-expr","locations":[{"start":{"line":133,"column":6},"end":{"line":133,"column":16}},{"start":{"line":133,"column":20},"end":{"line":133,"column":30}}]},"29":{"loc":{"start":{"line":153,"column":81},"end":{"line":153,"column":137}},"type":"cond-expr","locations":[{"start":{"line":153,"column":106},"end":{"line":153,"column":119}},{"start":{"line":153,"column":122},"end":{"line":153,"column":137}}]}},"s":{"0":0,"1":0,"2":0,"3":0,"4":0,"5":0,"6":0,"7":0,"8":0,"9":0,"10":0,"11":0,"12":0,"13":0,"14":0,"15":0,"16":0,"17":0,"18":0,"19":0,"20":0,"21":0,"22":0,"23":0,"24":0,"25":0,"26":0,"27":0,"28":0,"29":0,"30":0,"31":0,"32":0,"33":0,"34":0,"35":0,"36":0,"37":0,"38":0,"39":0,"40":0,"41":0,"42":0,"43":0,"44":0,"45":0,"46":0,"47":0,"48":0,"49":0,"50":0,"51":0,"52":0,"53":0,"54":0,"55":0,"56":0,"57":0,"58":0,"59":0,"60":0,"61":0,"62":0,"63":0,"64":0,"65":0,"66":0,"67":0,"68":0,"69":0,"70":0,"71":0,"72":0,"73":0,"74":0,"75":0,"76":0},"f":{"0":0,"1":0,"2":0,"3":0,"4":0,"5":0},"b":{"0":[0,0],"1":[0],"2":[0],"3":[0],"4":[0,0],"5":[0],"6":[0,0],"7":[0],"8":[0,0],"9":[0],"10":[0,0],"11":[0],"12":[0],"13":[0],"14":[0,0],"15":[0],"16":[0,0],"17":[0],"18":[0],"19":[0,0],"20":[0],"21":[0],"22":[0],"23":[0],"24":[0,0],"25":[0],"26":[0],"27":[0],"28":[0,0],"29":[0,0]}}
,"/Users/thia/Desktop/Facu/3er año/Desarrollo de Software/Desarrollo 2025/UTN-DS25-practicas/UTN-DS25-practicas/libreria/backend/src/middlewares/adminMiddleware.ts": {"path":"/Users/thia/Desktop/Facu/3er año/Desarrollo de Software/Desarrollo 2025/UTN-DS25-practicas/UTN-DS25-practicas/libreria/backend/src/middlewares/adminMiddleware.ts","statementMap":{"0":{"start":{"line":9,"column":2},"end":{"line":23,"column":3}},"1":{"start":{"line":10,"column":17},"end":{"line":10,"column":25}},"2":{"start":{"line":12,"column":4},"end":{"line":14,"column":5}},"3":{"start":{"line":13,"column":6},"end":{"line":13,"column":65}},"4":{"start":{"line":16,"column":4},"end":{"line":18,"column":5}},"5":{"start":{"line":17,"column":6},"end":{"line":17,"column":86}},"6":{"start":{"line":20,"column":4},"end":{"line":20,"column":11}},"7":{"start":{"line":22,"column":4},"end":{"line":22,"column":84}},"8":{"start":{"line":27,"column":2},"end":{"line":48,"column":3}},"9":{"start":{"line":28,"column":17},"end":{"line":28,"column":25}},"10":{"start":{"line":29,"column":20},"end":{"line":29,"column":37}},"11":{"start":{"line":31,"column":4},"end":{"line":33,"column":5}},"12":{"start":{"line":32,"column":6},"end":{"line":32,"column":65}},"13":{"start":{"line":36,"column":4},"end":{"line":38,"column":5}},"14":{"start":{"line":37,"column":6},"end":{"line":37,"column":20}},"15":{"start":{"line":41,"column":4},"end":{"line":43,"column":5}},"16":{"start":{"line":42,"column":6},"end":{"line":42,"column":20}},"17":{"start":{"line":45,"column":4},"end":{"line":45,"column":93}},"18":{"start":{"line":47,"column":4},"end":{"line":47,"column":75}},"19":{"start":{"line":51,"column":0},"end":{"line":51,"column":45}}},"fnMap":{"0":{"name":"isAdmin","decl":{"start":{"line":8,"column":9},"end":{"line":8,"column":16}},"loc":{"start":{"line":8,"column":68},"end":{"line":24,"column":1}}},"1":{"name":"isAdminOrOwner","decl":{"start":{"line":26,"column":9},"end":{"line":26,"column":23}},"loc":{"start":{"line":26,"column":75},"end":{"line":49,"column":1}}}},"branchMap":{"0":{"loc":{"start":{"line":12,"column":4},"end":{"line":14,"column":5}},"type":"if","locations":[{"start":{"line":12,"column":4},"end":{"line":14,"column":5}}]},"1":{"loc":{"start":{"line":16,"column":4},"end":{"line":18,"column":5}},"type":"if","locations":[{"start":{"line":16,"column":4},"end":{"line":18,"column":5}}]},"2":{"loc":{"start":{"line":31,"column":4},"end":{"line":33,"column":5}},"type":"if","locations":[{"start":{"line":31,"column":4},"end":{"line":33,"column":5}}]},"3":{"loc":{"start":{"line":36,"column":4},"end":{"line":38,"column":5}},"type":"if","locations":[{"start":{"line":36,"column":4},"end":{"line":38,"column":5}}]},"4":{"loc":{"start":{"line":41,"column":4},"end":{"line":43,"column":5}},"type":"if","locations":[{"start":{"line":41,"column":4},"end":{"line":43,"column":5}}]}},"s":{"0":0,"1":0,"2":0,"3":0,"4":0,"5":0,"6":0,"7":0,"8":0,"9":0,"10":0,"11":0,"12":0,"13":0,"14":0,"15":0,"16":0,"17":0,"18":0,"19":0},"f":{"0":0,"1":0},"b":{"0":[0],"1":[0],"2":[0],"3":[0],"4":[0]}}
,"/Users/thia/Desktop/Facu/3er año/Desarrollo de Software/Desarrollo 2025/UTN-DS25-practicas/UTN-DS25-practicas/libreria/backend/src/middlewares/auth.ts": {"path":"/Users/thia/Desktop/Facu/3er año/Desarrollo de Software/Desarrollo 2025/UTN-DS25-practicas/UTN-DS25-practicas/libreria/backend/src/middlewares/auth.ts","statementMap":{"0":{"start":{"line":2,"column":12},"end":{"line":2,"column":35}},"1":{"start":{"line":4,"column":19},"end":{"line":4,"column":56}},"2":{"start":{"line":11,"column":15},"end":{"line":11,"column":40}},"3":{"start":{"line":12,"column":2},"end":{"line":15,"column":3}},"4":{"start":{"line":13,"column":4},"end":{"line":13,"column":35}},"5":{"start":{"line":14,"column":4},"end":{"line":14,"column":62}},"6":{"start":{"line":16,"column":16},"end":{"line":16,"column":43}},"7":{"start":{"line":17,"column":2},"end":{"line":26,"column":3}},"8":{"start":{"line":18,"column":25},"end":{"line":18,"column":54}},"9":{"start":{"line":19,"column":4},"end":{"line":19,"column":53}},"10":{"start":{"line":20,"column":4},"end":{"line":20,"column":80}},"11":{"start":{"line":21,"column":4},"end":{"line":21,"column":53}},"12":{"start":{"line":22,"column":4},"end":{"line":22,"column":11}},"13":{"start":{"line":24,"column":4},"end":{"line":24,"column":75}},"14":{"start":{"line":25,"column":4},"end":{"line":25,"column":55}},"15":{"start":{"line":29,"column":0},"end":{"line":29,"column":33}}},"fnMap":{"0":{"name":"requireAuth","decl":{"start":{"line":10,"column":9},"end":{"line":10,"column":20}},"loc":{"start":{"line":10,"column":72},"end":{"line":27,"column":1}}}},"branchMap":{"0":{"loc":{"start":{"line":4,"column":19},"end":{"line":4,"column":56}},"type":"binary-expr","locations":[{"start":{"line":4,"column":19},"end":{"line":4,"column":41}},{"start":{"line":4,"column":45},"end":{"line":4,"column":56}}]},"1":{"loc":{"start":{"line":12,"column":2},"end":{"line":15,"column":3}},"type":"if","locations":[{"start":{"line":12,"column":2},"end":{"line":15,"column":3}}]},"2":{"loc":{"start":{"line":12,"column":6},"end":{"line":12,"column":42}},"type":"binary-expr","locations":[{"start":{"line":12,"column":6},"end":{"line":12,"column":11}},{"start":{"line":12,"column":15},"end":{"line":12,"column":42}}]},"3":{"loc":{"start":{"line":24,"column":39},"end":{"line":24,"column":73}},"type":"cond-expr","locations":[{"start":{"line":24,"column":60},"end":{"line":24,"column":69}},{"start":{"line":24,"column":72},"end":{"line":24,"column":73}}]}},"s":{"0":0,"1":0,"2":0,"3":0,"4":0,"5":0,"6":0,"7":0,"8":0,"9":0,"10":0,"11":0,"12":0,"13":0,"14":0,"15":0},"f":{"0":0},"b":{"0":[0,0],"1":[0],"2":[0,0],"3":[0,0]}}
,"/Users/thia/Desktop/Facu/3er año/Desarrollo de Software/Desarrollo 2025/UTN-DS25-practicas/UTN-DS25-practicas/libreria/backend/src/routes/auth.ts": {"path":"/Users/thia/Desktop/Facu/3er año/Desarrollo de Software/Desarrollo 2025/UTN-DS25-practicas/UTN-DS25-practicas/libreria/backend/src/routes/auth.ts","statementMap":{"0":{"start":{"line":2,"column":19},"end":{"line":2,"column":37}},"1":{"start":{"line":3,"column":13},"end":{"line":3,"column":53}},"2":{"start":{"line":4,"column":24},"end":{"line":4,"column":54}},"3":{"start":{"line":6,"column":15},"end":{"line":6,"column":23}},"4":{"start":{"line":8,"column":0},"end":{"line":8,"column":40}},"5":{"start":{"line":9,"column":0},"end":{"line":9,"column":34}},"6":{"start":{"line":10,"column":0},"end":{"line":10,"column":56}},"7":{"start":{"line":12,"column":0},"end":{"line":12,"column":24}}},"fnMap":{},"branchMap":{},"s":{"0":0,"1":0,"2":0,"3":0,"4":0,"5":0,"6":0,"7":0},"f":{},"b":{}}
,"/Users/thia/Desktop/Facu/3er año/Desarrollo de Software/Desarrollo 2025/UTN-DS25-practicas/UTN-DS25-practicas/libreria/backend/src/routes/books.ts": {"path":"/Users/thia/Desktop/Facu/3er año/Desarrollo de Software/Desarrollo 2025/UTN-DS25-practicas/UTN-DS25-practicas/libreria/backend/src/routes/books.ts","statementMap":{"0":{"start":{"line":2,"column":19},"end":{"line":2,"column":37}},"1":{"start":{"line":3,"column":13},"end":{"line":3,"column":54}},"2":{"start":{"line":5,"column":15},"end":{"line":5,"column":23}},"3":{"start":{"line":7,"column":24},"end":{"line":7,"column":54}},"4":{"start":{"line":10,"column":0},"end":{"line":10,"column":72}},"5":{"start":{"line":12,"column":0},"end":{"line":12,"column":32}},"6":{"start":{"line":13,"column":0},"end":{"line":13,"column":33}},"7":{"start":{"line":14,"column":0},"end":{"line":14,"column":47}},"8":{"start":{"line":15,"column":0},"end":{"line":15,"column":49}},"9":{"start":{"line":16,"column":0},"end":{"line":16,"column":52}},"10":{"start":{"line":18,"column":0},"end":{"line":18,"column":24}}},"fnMap":{},"branchMap":{},"s":{"0":0,"1":0,"2":0,"3":0,"4":0,"5":0,"6":0,"7":0,"8":0,"9":0,"10":0},"f":{},"b":{}}
,"/Users/thia/Desktop/Facu/3er año/Desarrollo de Software/Desarrollo 2025/UTN-DS25-practicas/UTN-DS25-practicas/libreria/backend/src/services/booksService.ts": {"path":"/Users/thia/Desktop/Facu/3er año/Desarrollo de Software/Desarrollo 2025/UTN-DS25-practicas/UTN-DS25-practicas/libreria/backend/src/services/booksService.ts","statementMap":{"0":{"start":{"line":1,"column":11},"end":{"line":1,"column":33}},"1":{"start":{"line":2,"column":13},"end":{"line":2,"column":28}},"2":{"start":{"line":4,"column":18},"end":{"line":4,"column":63}},"3":{"start":{"line":18,"column":2},"end":{"line":23,"column":3}},"4":{"start":{"line":19,"column":20},"end":{"line":19,"column":57}},"5":{"start":{"line":20,"column":4},"end":{"line":20,"column":41}},"6":{"start":{"line":22,"column":4},"end":{"line":22,"column":14}},"7":{"start":{"line":27,"column":2},"end":{"line":27,"column":73}},"8":{"start":{"line":31,"column":2},"end":{"line":31,"column":26}},"9":{"start":{"line":35,"column":16},"end":{"line":35,"column":32}},"10":{"start":{"line":36,"column":2},"end":{"line":36,"column":46}},"11":{"start":{"line":36,"column":25},"end":{"line":36,"column":36}},"12":{"start":{"line":40,"column":16},"end":{"line":40,"column":32}},"13":{"start":{"line":41,"column":2},"end":{"line":41,"column":22}},"14":{"start":{"line":42,"column":2},"end":{"line":42,"column":25}},"15":{"start":{"line":43,"column":2},"end":{"line":43,"column":14}},"16":{"start":{"line":47,"column":16},"end":{"line":47,"column":32}},"17":{"start":{"line":48,"column":14},"end":{"line":48,"column":47}},"18":{"start":{"line":48,"column":35},"end":{"line":48,"column":46}},"19":{"start":{"line":49,"column":2},"end":{"line":49,"column":30}},"20":{"start":{"line":49,"column":18},"end":{"line":49,"column":30}},"21":{"start":{"line":50,"column":18},"end":{"line":50,"column":53}},"22":{"start":{"line":51,"column":2},"end":{"line":51,"column":23}},"23":{"start":{"line":52,"column":2},"end":{"line":52,"column":25}},"24":{"start":{"line":53,"column":2},"end":{"line":53,"column":17}},"25":{"start":{"line":57,"column":16},"end":{"line":57,"column":32}},"26":{"start":{"line":58,"column":19},"end":{"line":58,"column":49}},"27":{"start":{"line":58,"column":37},"end":{"line":58,"column":48}},"28":{"start":{"line":59,"column":2},"end":{"line":59,"column":53}},"29":{"start":{"line":59,"column":40},"end":{"line":59,"column":53}},"30":{"start":{"line":60,"column":2},"end":{"line":60,"column":28}},"31":{"start":{"line":61,"column":2},"end":{"line":61,"column":14}},"32":{"start":{"line":64,"column":0},"end":{"line":70,"column":2}}},"fnMap":{"0":{"name":"readData","decl":{"start":{"line":17,"column":15},"end":{"line":17,"column":23}},"loc":{"start":{"line":17,"column":23},"end":{"line":24,"column":1}}},"1":{"name":"writeData","decl":{"start":{"line":26,"column":15},"end":{"line":26,"column":24}},"loc":{"start":{"line":26,"column":38},"end":{"line":28,"column":1}}},"2":{"name":"getAllBooks","decl":{"start":{"line":30,"column":15},"end":{"line":30,"column":26}},"loc":{"start":{"line":30,"column":26},"end":{"line":32,"column":1}}},"3":{"name":"getBookById","decl":{"start":{"line":34,"column":15},"end":{"line":34,"column":26}},"loc":{"start":{"line":34,"column":37},"end":{"line":37,"column":1}}},"4":{"name":"(anonymous_4)","decl":{"start":{"line":36,"column":20},"end":{"line":36,"column":21}},"loc":{"start":{"line":36,"column":25},"end":{"line":36,"column":36}}},"5":{"name":"createBook","decl":{"start":{"line":39,"column":15},"end":{"line":39,"column":25}},"loc":{"start":{"line":39,"column":36},"end":{"line":44,"column":1}}},"6":{"name":"updateBook","decl":{"start":{"line":46,"column":15},"end":{"line":46,"column":25}},"loc":{"start":{"line":46,"column":58},"end":{"line":54,"column":1}}},"7":{"name":"(anonymous_7)","decl":{"start":{"line":48,"column":30},"end":{"line":48,"column":31}},"loc":{"start":{"line":48,"column":35},"end":{"line":48,"column":46}}},"8":{"name":"deleteBook","decl":{"start":{"line":56,"column":15},"end":{"line":56,"column":25}},"loc":{"start":{"line":56,"column":36},"end":{"line":62,"column":1}}},"9":{"name":"(anonymous_9)","decl":{"start":{"line":58,"column":32},"end":{"line":58,"column":33}},"loc":{"start":{"line":58,"column":37},"end":{"line":58,"column":48}}}},"branchMap":{"0":{"loc":{"start":{"line":36,"column":9},"end":{"line":36,"column":45}},"type":"binary-expr","locations":[{"start":{"line":36,"column":9},"end":{"line":36,"column":37}},{"start":{"line":36,"column":41},"end":{"line":36,"column":45}}]},"1":{"loc":{"start":{"line":49,"column":2},"end":{"line":49,"column":30}},"type":"if","locations":[{"start":{"line":49,"column":2},"end":{"line":49,"column":30}}]},"2":{"loc":{"start":{"line":59,"column":2},"end":{"line":59,"column":53}},"type":"if","locations":[{"start":{"line":59,"column":2},"end":{"line":59,"column":53}}]}},"s":{"0":0,"1":0,"2":0,"3":0,"4":0,"5":0,"6":0,"7":0,"8":0,"9":0,"10":0,"11":0,"12":0,"13":0,"14":0,"15":0,"16":0,"17":0,"18":0,"19":0,"20":0,"21":0,"22":0,"23":0,"24":0,"25":0,"26":0,"27":0,"28":0,"29":0,"30":0,"31":0,"32":0},"f":{"0":0,"1":0,"2":0,"3":0,"4":0,"5":0,"6":0,"7":0,"8":0,"9":0},"b":{"0":[0,0],"1":[0],"2":[0]}}
,"/Users/thia/Desktop/Facu/3er año/Desarrollo de Software/Desarrollo 2025/UTN-DS25-practicas/UTN-DS25-practicas/libreria/backend/src/services/userService.ts": {"path":"/Users/thia/Desktop/Facu/3er año/Desarrollo de Software/Desarrollo 2025/UTN-DS25-practicas/UTN-DS25-practicas/libreria/backend/src/services/userService.ts","statementMap":{"0":{"start":{"line":2,"column":16},"end":{"line":2,"column":36}},"1":{"start":{"line":3,"column":15},"end":{"line":3,"column":69}},"2":{"start":{"line":4,"column":15},"end":{"line":4,"column":34}},"3":{"start":{"line":7,"column":25},"end":{"line":7,"column":56}},"4":{"start":{"line":8,"column":15},"end":{"line":10,"column":4}},"5":{"start":{"line":11,"column":2},"end":{"line":11,"column":14}},"6":{"start":{"line":15,"column":2},"end":{"line":15,"column":60}},"7":{"start":{"line":19,"column":2},"end":{"line":19,"column":57}},"8":{"start":{"line":23,"column":2},"end":{"line":23,"column":26}},"9":{"start":{"line":23,"column":13},"end":{"line":23,"column":26}},"10":{"start":{"line":24,"column":2},"end":{"line":24,"column":52}},"11":{"start":{"line":28,"column":26},"end":{"line":28,"column":28}},"12":{"start":{"line":30,"column":2},"end":{"line":30,"column":65}},"13":{"start":{"line":30,"column":33},"end":{"line":30,"column":65}},"14":{"start":{"line":31,"column":2},"end":{"line":31,"column":71}},"15":{"start":{"line":31,"column":35},"end":{"line":31,"column":71}},"16":{"start":{"line":32,"column":2},"end":{"line":32,"column":62}},"17":{"start":{"line":32,"column":32},"end":{"line":32,"column":62}},"18":{"start":{"line":33,"column":2},"end":{"line":35,"column":3}},"19":{"start":{"line":34,"column":4},"end":{"line":34,"column":63}},"20":{"start":{"line":37,"column":2},"end":{"line":40,"column":5}},"21":{"start":{"line":43,"column":0},"end":{"line":43,"column":91}}},"fnMap":{"0":{"name":"createUser","decl":{"start":{"line":6,"column":15},"end":{"line":6,"column":25}},"loc":{"start":{"line":6,"column":136},"end":{"line":12,"column":1}}},"1":{"name":"findUserByEmail","decl":{"start":{"line":14,"column":15},"end":{"line":14,"column":30}},"loc":{"start":{"line":14,"column":44},"end":{"line":16,"column":1}}},"2":{"name":"findUserById","decl":{"start":{"line":18,"column":15},"end":{"line":18,"column":27}},"loc":{"start":{"line":18,"column":38},"end":{"line":20,"column":1}}},"3":{"name":"verifyPassword","decl":{"start":{"line":22,"column":15},"end":{"line":22,"column":29}},"loc":{"start":{"line":22,"column":54},"end":{"line":25,"column":1}}},"4":{"name":"updateUser","decl":{"start":{"line":27,"column":15},"end":{"line":27,"column":25}},"loc":{"start":{"line":27,"column":117},"end":{"line":41,"column":1}}}},"branchMap":{"0":{"loc":{"start":{"line":3,"column":15},"end":{"line":3,"column":69}},"type":"cond-expr","locations":[{"start":{"line":3,"column":44},"end":{"line":3,"column":59}},{"start":{"line":3,"column":62},"end":{"line":3,"column":69}}]},"1":{"loc":{"start":{"line":3,"column":15},"end":{"line":3,"column":41}},"type":"binary-expr","locations":[{"start":{"line":3,"column":15},"end":{"line":3,"column":22}},{"start":{"line":3,"column":26},"end":{"line":3,"column":41}}]},"2":{"loc":{"start":{"line":9,"column":20},"end":{"line":9,"column":34}},"type":"binary-expr","locations":[{"start":{"line":9,"column":20},"end":{"line":9,"column":26}},{"start":{"line":9,"column":30},"end":{"line":9,"column":34}}]},"3":{"loc":{"start":{"line":9,"column":46},"end":{"line":9,"column":62}},"type":"binary-expr","locations":[{"start":{"line":9,"column":46},"end":{"line":9,"column":54}},{"start":{"line":9,"column":58},"end":{"line":9,"column":62}}]},"4":{"loc":{"start":{"line":23,"column":2},"end":{"line":23,"column":26}},"type":"if","locations":[{"start":{"line":23,"column":2},"end":{"line":23,"column":26}}]},"5":{"loc":{"start":{"line":30,"column":2},"end":{"line":30,"column":65}},"type":"if","locations":[{"start":{"line":30,"column":2},"end":{"line":30,"column":65}}]},"6":{"loc":{"start":{"line":31,"column":2},"end":{"line":31,"column":71}},"type":"if","locations":[{"start":{"line":31,"column":2},"end":{"line":31,"column":71}}]},"7":{"loc":{"start":{"line":32,"column":2},"end":{"line":32,"column":62}},"type":"if","locations":[{"start":{"line":32,"column":2},"end":{"line":32,"column":62}}]},"8":{"loc":{"start":{"line":33,"column":2},"end":{"line":35,"column":3}},"type":"if","locations":[{"start":{"line":33,"column":2},"end":{"line":35,"column":3}}]}},"s":{"0":0,"1":0,"2":0,"3":0,"4":0,"5":0,"6":0,"7":0,"8":0,"9":0,"10":0,"11":0,"12":0,"13":0,"14":0,"15":0,"16":0,"17":0,"18":0,"19":0,"20":0,"21":0},"f":{"0":0,"1":0,"2":0,"3":0,"4":0},"b":{"0":[0,0],"1":[0,0],"2":[0,0],"3":[0,0],"4":[0],"5":[0],"6":[0],"7":[0],"8":[0]}}
}
