TN:
SF:src/prisma.config.ts
FNF:0
FNH:0
DA:1,0
DA:3,0
LF:2
LH:0
BRF:0
BRH:0
end_of_record
TN:
SF:src/prisma.ts
FNF:0
FNH:0
DA:2,0
DA:4,0
DA:6,0
DA:7,0
DA:10,0
LF:5
LH:0
BRDA:4,0,0,0
BRDA:4,0,1,0
BRDA:6,1,0,0
BRF:3
BRH:0
end_of_record
TN:
SF:src/controllers/authController.ts
FN:7,register
FN:22,login
FN:38,updateProfile
FNF:3
FNH:0
FNDA:0,register
FNDA:0,login
FNDA:0,updateProfile
DA:2,0
DA:3,0
DA:5,0
DA:8,0
DA:9,0
DA:10,0
DA:11,0
DA:12,0
DA:13,0
DA:14,0
DA:15,0
DA:17,0
DA:18,0
DA:23,0
DA:24,0
DA:25,0
DA:26,0
DA:27,0
DA:28,0
DA:29,0
DA:30,0
DA:31,0
DA:33,0
DA:34,0
DA:39,0
DA:40,0
DA:41,0
DA:43,0
DA:46,0
DA:52,0
DA:63,0
DA:64,0
DA:68,0
LF:33
LH:0
BRDA:5,0,0,0
BRDA:5,0,1,0
BRDA:10,1,0,0
BRDA:10,2,0,0
BRDA:10,2,1,0
BRDA:12,3,0,0
BRDA:18,4,0,0
BRDA:18,4,1,0
BRDA:25,5,0,0
BRDA:25,6,0,0
BRDA:25,6,1,0
BRDA:27,7,0,0
BRDA:29,8,0,0
BRDA:34,9,0,0
BRDA:34,9,1,0
BRDA:41,10,0,0
BRDA:64,11,0,0
BRDA:64,11,1,0
BRF:18
BRH:0
end_of_record
TN:
SF:src/controllers/booksController.ts
FN:4,(anonymous_0)
FN:9,(anonymous_1)
FN:17,(anonymous_2)
FN:50,(anonymous_3)
FN:99,(anonymous_4)
FN:118,(anonymous_5)
FNF:6
FNH:0
FNDA:0,(anonymous_0)
FNDA:0,(anonymous_1)
FNDA:0,(anonymous_2)
FNDA:0,(anonymous_3)
FNDA:0,(anonymous_4)
FNDA:0,(anonymous_5)
DA:2,0
DA:4,0
DA:5,0
DA:6,0
DA:9,0
DA:10,0
DA:11,0
DA:12,0
DA:13,0
DA:14,0
DA:17,0
DA:18,0
DA:19,0
DA:21,0
DA:22,0
DA:25,0
DA:26,0
DA:30,0
DA:31,0
DA:34,0
DA:36,0
DA:47,0
DA:48,0
DA:50,0
DA:51,0
DA:52,0
DA:54,0
DA:55,0
DA:57,0
DA:58,0
DA:61,0
DA:62,0
DA:67,0
DA:69,0
DA:70,0
DA:75,0
DA:76,0
DA:83,0
DA:85,0
DA:96,0
DA:97,0
DA:99,0
DA:100,0
DA:101,0
DA:103,0
DA:104,0
DA:106,0
DA:107,0
DA:110,0
DA:111,0
DA:114,0
DA:115,0
DA:118,0
DA:119,0
DA:121,0
DA:122,0
DA:124,0
DA:125,0
DA:128,0
DA:129,0
DA:130,0
DA:133,0
DA:134,0
DA:137,0
DA:139,0
DA:145,0
DA:150,0
DA:152,0
DA:153,0
DA:157,0
LF:70
LH:0
BRDA:2,0,0,0
BRDA:2,0,1,0
BRDA:11,1,0,0
BRDA:13,2,0,0
BRDA:19,3,0,0
BRDA:19,4,0,0
BRDA:19,4,1,0
BRDA:25,5,0,0
BRDA:25,6,0,0
BRDA:25,6,1,0
BRDA:30,7,0,0
BRDA:30,8,0,0
BRDA:30,8,1,0
BRDA:34,9,0,0
BRDA:47,10,0,0
BRDA:47,10,1,0
BRDA:52,11,0,0
BRDA:55,12,0,0
BRDA:61,13,0,0
BRDA:61,14,0,0
BRDA:61,14,1,0
BRDA:67,15,0,0
BRDA:67,16,0,0
BRDA:67,16,1,0
BRDA:69,17,0,0
BRDA:75,18,0,0
BRDA:75,19,0,0
BRDA:75,19,1,0
BRDA:83,20,0,0
BRDA:101,21,0,0
BRDA:104,22,0,0
BRDA:110,23,0,0
BRDA:110,24,0,0
BRDA:110,24,1,0
BRDA:124,25,0,0
BRDA:129,26,0,0
BRDA:133,27,0,0
BRDA:133,28,0,0
BRDA:133,28,1,0
BRDA:153,29,0,0
BRDA:153,29,1,0
BRF:41
BRH:0
end_of_record
TN:
SF:src/middlewares/adminMiddleware.ts
FN:8,isAdmin
FN:26,isAdminOrOwner
FNF:2
FNH:0
FNDA:0,isAdmin
FNDA:0,isAdminOrOwner
DA:9,0
DA:10,0
DA:12,0
DA:13,0
DA:16,0
DA:17,0
DA:20,0
DA:22,0
DA:27,0
DA:28,0
DA:29,0
DA:31,0
DA:32,0
DA:36,0
DA:37,0
DA:41,0
DA:42,0
DA:45,0
DA:47,0
DA:51,0
LF:20
LH:0
BRDA:12,0,0,0
BRDA:16,1,0,0
BRDA:31,2,0,0
BRDA:36,3,0,0
BRDA:41,4,0,0
BRF:5
BRH:0
end_of_record
TN:
SF:src/middlewares/auth.ts
FN:10,requireAuth
FNF:1
FNH:0
FNDA:0,requireAuth
DA:2,0
DA:4,0
DA:11,0
DA:12,0
DA:13,0
DA:14,0
DA:16,0
DA:17,0
DA:18,0
DA:19,0
DA:20,0
DA:21,0
DA:22,0
DA:24,0
DA:25,0
DA:29,0
LF:16
LH:0
BRDA:4,0,0,0
BRDA:4,0,1,0
BRDA:12,1,0,0
BRDA:12,2,0,0
BRDA:12,2,1,0
BRDA:24,3,0,0
BRDA:24,3,1,0
BRF:7
BRH:0
end_of_record
TN:
SF:src/routes/auth.ts
FNF:0
FNH:0
DA:2,0
DA:3,0
DA:4,0
DA:6,0
DA:8,0
DA:9,0
DA:10,0
DA:12,0
LF:8
LH:0
BRF:0
BRH:0
end_of_record
TN:
SF:src/routes/books.ts
FNF:0
FNH:0
DA:2,0
DA:3,0
DA:5,0
DA:7,0
DA:10,0
DA:12,0
DA:13,0
DA:14,0
DA:15,0
DA:16,0
DA:18,0
LF:11
LH:0
BRF:0
BRH:0
end_of_record
TN:
SF:src/services/booksService.ts
FN:17,readData
FN:26,writeData
FN:30,getAllBooks
FN:34,getBookById
FN:36,(anonymous_4)
FN:39,createBook
FN:46,updateBook
FN:48,(anonymous_7)
FN:56,deleteBook
FN:58,(anonymous_9)
FNF:10
FNH:0
FNDA:0,readData
FNDA:0,writeData
FNDA:0,getAllBooks
FNDA:0,getBookById
FNDA:0,(anonymous_4)
FNDA:0,createBook
FNDA:0,updateBook
FNDA:0,(anonymous_7)
FNDA:0,deleteBook
FNDA:0,(anonymous_9)
DA:1,0
DA:2,0
DA:4,0
DA:18,0
DA:19,0
DA:20,0
DA:22,0
DA:27,0
DA:31,0
DA:35,0
DA:36,0
DA:40,0
DA:41,0
DA:42,0
DA:43,0
DA:47,0
DA:48,0
DA:49,0
DA:50,0
DA:51,0
DA:52,0
DA:53,0
DA:57,0
DA:58,0
DA:59,0
DA:60,0
DA:61,0
DA:64,0
LF:28
LH:0
BRDA:36,0,0,0
BRDA:36,0,1,0
BRDA:49,1,0,0
BRDA:59,2,0,0
BRF:4
BRH:0
end_of_record
TN:
SF:src/services/userService.ts
FN:6,createUser
FN:14,findUserByEmail
FN:18,findUserById
FN:22,verifyPassword
FN:27,updateUser
FNF:5
FNH:0
FNDA:0,createUser
FNDA:0,findUserByEmail
FNDA:0,findUserById
FNDA:0,verifyPassword
FNDA:0,updateUser
DA:2,0
DA:3,0
DA:4,0
DA:7,0
DA:8,0
DA:11,0
DA:15,0
DA:19,0
DA:23,0
DA:24,0
DA:28,0
DA:30,0
DA:31,0
DA:32,0
DA:33,0
DA:34,0
DA:37,0
DA:43,0
LF:18
LH:0
BRDA:3,0,0,0
BRDA:3,0,1,0
BRDA:3,1,0,0
BRDA:3,1,1,0
BRDA:9,2,0,0
BRDA:9,2,1,0
BRDA:9,3,0,0
BRDA:9,3,1,0
BRDA:23,4,0,0
BRDA:30,5,0,0
BRDA:31,6,0,0
BRDA:32,7,0,0
BRDA:33,8,0,0
BRF:13
BRH:0
end_of_record
